<?xml version="1.0" encoding="UTF-8"?>
<testng-results skipped="0" failed="0" total="1" passed="1">
  <reporter-output>
  </reporter-output>
  <suite name="Default suite" duration-ms="132158" started-at="2017-12-08T17:19:06Z" finished-at="2017-12-08T17:21:18Z">
    <groups>
    </groups>
    <test name="Default test" duration-ms="132158" started-at="2017-12-08T17:19:06Z" finished-at="2017-12-08T17:21:18Z">
      <class name="com.companyname.projectname.Test.TestController">
        <test-method status="PASS" signature="initBrowser()[pri:0, instance:com.companyname.projectname.Test.TestController@28d25987]" name="initBrowser" is-config="true" duration-ms="4949" started-at="2017-12-08T22:49:06Z" finished-at="2017-12-08T22:49:11Z">
          <reporter-output>
          </reporter-output>
        </test-method> <!-- initBrowser -->
        <test-method status="PASS" signature="TestCaseController()[pri:0, instance:com.companyname.projectname.Test.TestController@28d25987]" name="TestCaseController" duration-ms="126960" started-at="2017-12-08T22:49:11Z" finished-at="2017-12-08T22:51:18Z">
          <reporter-output>
          </reporter-output>
        </test-method> <!-- TestCaseController -->
        <test-method status="PASS" signature="quitBrowser()[pri:0, instance:com.companyname.projectname.Test.TestController@28d25987]" name="quitBrowser" is-config="true" duration-ms="1" started-at="2017-12-08T22:51:18Z" finished-at="2017-12-08T22:51:18Z">
          <reporter-output>
          </reporter-output>
        </test-method> <!-- quitBrowser -->
      </class> <!-- com.companyname.projectname.Test.TestController -->
    </test> <!-- Default test -->
  </suite> <!-- Default suite -->
</testng-results>
